17:51:01 **** Incremental Build of configuration Nios II for project name_display_ ****
make all 
Info: Building ../name_display_bsp/
C:/intelFPGA_lite/16.1/nios2eds/bin/gnu/H-x86_64-mingw32/bin/make --no-print-directory -C ../name_display_bsp/
[BSP build complete]
[name_display build complete]
17:51:26 **** Build of configuration Nios II for project name_display_ ****
make all 
Info: Building ../name_display_bsp/
C:/intelFPGA_lite/16.1/nios2eds/bin/gnu/H-x86_64-mingw32/bin/make --no-print-directory -C ../name_display_bsp/
[BSP build complete]
[name_display build complete]
17:52:15 **** Build of configuration Nios II for project name_display_ ****
make all 
Info: Building ../name_display_bsp/
C:/intelFPGA_lite/16.1/nios2eds/bin/gnu/H-x86_64-mingw32/bin/make --no-print-directory -C ../name_display_bsp/
[BSP build complete]
[name_display build complete]
17:52:34 **** Incremental Build of configuration Nios II for project name_display_ ****
make all 
Info: Building ../name_display_bsp/
C:/intelFPGA_lite/16.1/nios2eds/bin/gnu/H-x86_64-mingw32/bin/make --no-print-directory -C ../name_display_bsp/
[BSP build complete]
[name_display build complete]
17:53:15 **** Incremental Build of configuration Nios II for project name_display_ ****
make all 
Info: Building ../name_display_bsp/
C:/intelFPGA_lite/16.1/nios2eds/bin/gnu/H-x86_64-mingw32/bin/make --no-print-directory -C ../name_display_bsp/
[BSP build complete]
[name_display build complete]
17:57:42 **** Build of configuration Nios II for project name_display_ ****
make all 
Info: Building ../name_display_sw_bsp/
C:/intelFPGA_lite/16.1/nios2eds/bin/gnu/H-x86_64-mingw32/bin/make --no-print-directory -C ../name_display_sw_bsp/
Creating libhal_bsp.a...
rm -f -f libhal_bsp.a
nios2-elf-ar -src libhal_bsp.a obj/HAL/src/alt_alarm_start.o obj/HAL/src/alt_busy_sleep.o obj/HAL/src/alt_close.o obj/HAL/src/alt_dcache_flush.o obj/HAL/src/alt_dcache_flush_all.o obj/HAL/src/alt_dcache_flush_no_writeback.o obj/HAL/src/alt_dev.o obj/HAL/src/alt_dev_llist_insert.o obj/HAL/src/alt_dma_rxchan_open.o obj/HAL/src/alt_dma_txchan_open.o obj/HAL/src/alt_do_ctors.o obj/HAL/src/alt_do_dtors.o obj/HAL/src/alt_ecc_fatal_entry.o obj/HAL/src/alt_ecc_fatal_exception.o obj/HAL/src/alt_env_lock.o obj/HAL/src/alt_environ.o obj/HAL/src/alt_errno.o obj/HAL/src/alt_exception_entry.o obj/HAL/src/alt_exception_muldiv.o obj/HAL/src/alt_exception_trap.o obj/HAL/src/alt_execve.o obj/HAL/src/alt_exit.o obj/HAL/src/alt_fcntl.o obj/HAL/src/alt_fd_lock.o obj/HAL/src/alt_fd_unlock.o obj/HAL/src/alt_find_dev.o obj/HAL/src/alt_find_file.o obj/HAL/src/alt_flash_dev.o obj/HAL/src/alt_fork.o obj/HAL/src/alt_fs_reg.o obj/HAL/src/alt_fstat.o obj/HAL/src/alt_get_fd.o obj/HAL/src/alt_getchar.o obj/HAL/src/alt_getpid.o obj/HAL/src/alt_gettod.o obj/HAL/src/alt_gmon.o obj/HAL/src/alt_icache_flush.o obj/HAL/src/alt_icache_flush_all.o obj/HAL/src/alt_iic.o obj/HAL/src/alt_iic_isr_register.o obj/HAL/src/alt_instruction_exception_entry.o obj/HAL/src/alt_instruction_exception_register.o obj/HAL/src/alt_io_redirect.o obj/HAL/src/alt_ioctl.o obj/HAL/src/alt_irq_entry.o obj/HAL/src/alt_irq_handler.o obj/HAL/src/alt_irq_register.o obj/HAL/src/alt_irq_vars.o obj/HAL/src/alt_isatty.o obj/HAL/src/alt_kill.o obj/HAL/src/alt_link.o obj/HAL/src/alt_load.o obj/HAL/src/alt_log_macro.o obj/HAL/src/alt_log_printf.o obj/HAL/src/alt_lseek.o obj/HAL/src/alt_main.o obj/HAL/src/alt_malloc_lock.o obj/HAL/src/alt_mcount.o obj/HAL/src/alt_open.o obj/HAL/src/alt_printf.o obj/HAL/src/alt_putchar.o obj/HAL/src/alt_putcharbuf.o obj/HAL/src/alt_putstr.o obj/HAL/src/alt_read.o obj/HAL/src/alt_release_fd.o obj/HAL/src/alt_remap_cached.o obj/HAL/src/alt_remap_uncached.o obj/HAL/src/alt_rename.o obj/HAL/src/alt_sbrk.o obj/HAL/src/alt_settod.o obj/HAL/src/alt_software_exception.o obj/HAL/src/alt_stat.o obj/HAL/src/alt_tick.o obj/HAL/src/alt_times.o obj/HAL/src/alt_uncached_free.o obj/HAL/src/alt_uncached_malloc.o obj/HAL/src/alt_unlink.o obj/HAL/src/alt_usleep.o obj/HAL/src/alt_wait.o obj/HAL/src/alt_write.o obj/HAL/src/altera_nios2_gen2_irq.o obj/HAL/src/crt0.o obj/alt_sys_init.o obj/drivers/src/altera_avalon_jtag_uart_fd.o obj/drivers/src/altera_avalon_jtag_uart_init.o obj/drivers/src/altera_avalon_jtag_uart_ioctl.o obj/drivers/src/altera_avalon_jtag_uart_read.o obj/drivers/src/altera_avalon_jtag_uart_write.o
[BSP build complete]
Info: Compiling name_display_sw.c to obj/default/name_display_sw.o
nios2-elf-gcc -xc -MP -MMD -c -I../name_display_sw_bsp//HAL/inc -I../name_display_sw_bsp/ -I../name_display_sw_bsp//drivers/inc  -pipe -D__hal__ -DALT_NO_C_PLUS_PLUS -DALT_NO_CLEAN_EXIT -D'exit(a)=_exit(a)' -DALT_NO_EXIT -DALT_USE_DIRECT_DRIVERS -DALT_NO_INSTRUCTION_EMULATION -DALT_USE_SMALL_DRIVERS -DSMALL_C_LIB -DALT_SINGLE_THREADED    -Os -g -Wall   -mno-hw-div -mno-hw-mul -mno-hw-mulx -mgpopt=global  -o obj/default/name_display_sw.o name_display_sw.c
Info: Linking name_display_sw.elf
nios2-elf-g++  -T'../name_display_sw_bsp//linker.x' -msys-crt0='../name_display_sw_bsp//obj/HAL/src/crt0.o' -msys-lib=hal_bsp -L../name_display_sw_bsp/  -msmallc  -Wl,-Map=name_display_sw.map   -Os -g -Wall   -mno-hw-div -mno-hw-mul -mno-hw-mulx -mgpopt=global  -o name_display_sw.elf obj/default/name_display_sw.o -lm -msys-lib=m
nios2-elf-insert name_display_sw.elf --thread_model hal --cpu_name nios2_gen2_0 --qsys true --simulation_enabled false --stderr_dev jtag_uart_0 --stdin_dev jtag_uart_0 --stdout_dev jtag_uart_0 --sopc_system_name nios_nameDisplay --quartus_project_dir "C:/AlteraPrj/Kianian_Arsenov_Baquerizo_Project1_full/name_display" --jdi ../..//output_files/name_display.jdi --sopcinfo C:/AlteraPrj/Kianian_Arsenov_Baquerizo_Project1_full/name_display/software/name_display_sw_bsp/../../nios_nameDisplay.sopcinfo
Info: (name_display_sw.elf) 1512 Bytes program size (code + initialized data).
Info:                       14 KBytes free for stack + heap.
Info: Creating name_display_sw.objdump
nios2-elf-objdump --disassemble --syms --all-header --source name_display_sw.elf >name_display_sw.objdump
[name_display_sw build complete]
17:57:56 **** Incremental Build of configuration Nios II for project name_display_ ****
make all 
Info: Building ../name_display_sw_bsp/
C:/intelFPGA_lite/16.1/nios2eds/bin/gnu/H-x86_64-mingw32/bin/make --no-print-directory -C ../name_display_sw_bsp/
[BSP build complete]
[name_display_sw build complete]
18:00:56 **** Build of configuration Nios II for project name_display_ ****
make all 
Info: Building ../name_display_sw_bsp/
C:/intelFPGA_lite/16.1/nios2eds/bin/gnu/H-x86_64-mingw32/bin/make --no-print-directory -C ../name_display_sw_bsp/
[BSP build complete]
[name_display_sw build complete]
18:01:03 **** Incremental Build of configuration Nios II for project name_display_ ****
make all 
Info: Building ../name_display_sw_bsp/
C:/intelFPGA_lite/16.1/nios2eds/bin/gnu/H-x86_64-mingw32/bin/make --no-print-directory -C ../name_display_sw_bsp/
[BSP build complete]
[name_display_sw build complete]
