14:22:34 **** Incremental Build of configuration Nios II for project Embed_System ****
make all 
Info: Building ../Embed_System_bsp/
C:/intelFPGA_lite/16.1/nios2eds/bin/gnu/H-x86_64-mingw32/bin/make --no-print-directory -C ../Embed_System_bsp/
[BSP build complete]
Info: Compiling src/led_util.c to obj/default/src/led_util.o
nios2-elf-gcc -xc -MP -MMD -c -I../Embed_System_bsp//HAL/inc -I../Embed_System_bsp/ -I../Embed_System_bsp//drivers/inc  -pipe -D__hal__ -DALT_NO_C_PLUS_PLUS -DALT_NO_INSTRUCTION_EMULATION -DALT_USE_SMALL_DRIVERS -DALT_SINGLE_THREADED    -O2 -g -Wall   -mno-hw-div -mhw-mul -mno-hw-mulx -mgpopt=global  -o obj/default/src/led_util.o src/led_util.c
Info: Linking Embed_System.elf
nios2-elf-g++  -T'../Embed_System_bsp//linker.x' -msys-crt0='../Embed_System_bsp//obj/HAL/src/crt0.o' -msys-lib=hal_bsp -L../Embed_System_bsp/   -Wl,-Map=Embed_System.map   -O2 -g -Wall   -mno-hw-div -mhw-mul -mno-hw-mulx -mgpopt=global  -o Embed_System.elf obj/default/main.o obj/default/src/alarm_util.o obj/default/src/delay_wait.o obj/default/src/error_loop.o obj/default/src/jtag_uart_util.o obj/default/src/led_util.o -lm -msys-lib=m
nios2-elf-insert Embed_System.elf --thread_model hal --cpu_name nios2_gen2_0 --qsys true --simulation_enabled false --id 0 --sidp 0x8000040 --timestamp 1570474303 --stderr_dev jtag_uart --stdin_dev jtag_uart --stdout_dev jtag_uart --sopc_system_name Embed --quartus_project_dir "C:/AlteraPrj/DE10liteEmbed" --jdi C:/AlteraPrj/DE10liteEmbed/software/Embed_System_bsp/../../Embed.jdi --sopcinfo C:/AlteraPrj/DE10liteEmbed/software/Embed_System_bsp/../../Embed.sopcinfo
Info: (Embed_System.elf) 23 KBytes program size (code + initialized data).
Info:                    65509 KBytes free for stack + heap.
Info: Creating Embed_System.objdump
nios2-elf-objdump --disassemble --syms --all-header --source Embed_System.elf >Embed_System.objdump
[Embed_System build complete]
20:21:39 **** Build of configuration Nios II for project Embed_System ****
make all 
Info: Building ../Embed_System_bsp/
C:/intelFPGA_lite/16.1/nios2eds/bin/gnu/H-x86_64-mingw32/bin/make --no-print-directory -C ../Embed_System_bsp/
[BSP build complete]
Info: Compiling main.c to obj/default/main.o
nios2-elf-gcc -xc -MP -MMD -c -I../Embed_System_bsp//HAL/inc -I../Embed_System_bsp/ -I../Embed_System_bsp//drivers/inc  -pipe -D__hal__ -DALT_NO_C_PLUS_PLUS -DALT_NO_INSTRUCTION_EMULATION -DALT_USE_SMALL_DRIVERS -DALT_SINGLE_THREADED    -O2 -g -Wall   -mno-hw-div -mhw-mul -mno-hw-mulx -mgpopt=global  -o obj/default/main.o main.c
main.c: In function 'main':
main.c:43:11: error: assignment to expression with array type
     input = alt_getchar();
           ^
main.c:44:27: error: assignment to expression with array type
     while( '\n' != (input = alt_getchar() ) )
                           ^
main.c:46:11: error: lvalue required as increment operand
      input++;
           ^
main.c:51:12: warning: comparison between pointer and integer
  if (input == 'u') {
            ^
main.c:56:20: warning: comparison between pointer and integer
     else if (input == 'd') {
                    ^
main.c:61:20: warning: comparison between pointer and integer
     else if (input == '3') {
                    ^
make: *** [obj/default/main.o] Error 1
20:21:56 **** Incremental Build of configuration Nios II for project Embed_System ****
make all 
Info: Building ../Embed_System_bsp/
C:/intelFPGA_lite/16.1/nios2eds/bin/gnu/H-x86_64-mingw32/bin/make --no-print-directory -C ../Embed_System_bsp/
[BSP build complete]
Info: Compiling main.c to obj/default/main.o
nios2-elf-gcc -xc -MP -MMD -c -I../Embed_System_bsp//HAL/inc -I../Embed_System_bsp/ -I../Embed_System_bsp//drivers/inc  -pipe -D__hal__ -DALT_NO_C_PLUS_PLUS -DALT_NO_INSTRUCTION_EMULATION -DALT_USE_SMALL_DRIVERS -DALT_SINGLE_THREADED    -O2 -g -Wall   -mno-hw-div -mhw-mul -mno-hw-mulx -mgpopt=global  -o obj/default/main.o main.c
main.c: In function 'main':
main.c:46:11: error: lvalue required as increment operand
      input++;
           ^
main.c:51:12: warning: comparison between pointer and integer
  if (input == 'u') {
            ^
main.c:56:20: warning: comparison between pointer and integer
     else if (input == 'd') {
                    ^
main.c:61:20: warning: comparison between pointer and integer
     else if (input == '3') {
                    ^
make: *** [obj/default/main.o] Error 1
20:26:58 **** Incremental Build of configuration Nios II for project Embed_System ****
make all 
Info: Building ../Embed_System_bsp/
C:/intelFPGA_lite/16.1/nios2eds/bin/gnu/H-x86_64-mingw32/bin/make --no-print-directory -C ../Embed_System_bsp/
[BSP build complete]
Info: Compiling main.c to obj/default/main.o
nios2-elf-gcc -xc -MP -MMD -c -I../Embed_System_bsp//HAL/inc -I../Embed_System_bsp/ -I../Embed_System_bsp//drivers/inc  -pipe -D__hal__ -DALT_NO_C_PLUS_PLUS -DALT_NO_INSTRUCTION_EMULATION -DALT_USE_SMALL_DRIVERS -DALT_SINGLE_THREADED    -O2 -g -Wall   -mno-hw-div -mhw-mul -mno-hw-mulx -mgpopt=global  -o obj/default/main.o main.c
main.c: In function 'main':
main.c:80:20: warning: comparison between pointer and integer
     else if (input == '3') {
                    ^
Info: Linking Embed_System.elf
nios2-elf-g++  -T'../Embed_System_bsp//linker.x' -msys-crt0='../Embed_System_bsp//obj/HAL/src/crt0.o' -msys-lib=hal_bsp -L../Embed_System_bsp/   -Wl,-Map=Embed_System.map   -O2 -g -Wall   -mno-hw-div -mhw-mul -mno-hw-mulx -mgpopt=global  -o Embed_System.elf obj/default/main.o obj/default/src/alarm_util.o obj/default/src/delay_wait.o obj/default/src/error_loop.o obj/default/src/jtag_uart_util.o obj/default/src/led_util.o -lm -msys-lib=m
nios2-elf-insert Embed_System.elf --thread_model hal --cpu_name nios2_gen2_0 --qsys true --simulation_enabled false --id 0 --sidp 0x8000040 --timestamp 1570474303 --stderr_dev jtag_uart --stdin_dev jtag_uart --stdout_dev jtag_uart --sopc_system_name Embed --quartus_project_dir "C:/AlteraPrj/DE10liteEmbed" --jdi C:/AlteraPrj/DE10liteEmbed/software/Embed_System_bsp/../../Embed.jdi --sopcinfo C:/AlteraPrj/DE10liteEmbed/software/Embed_System_bsp/../../Embed.sopcinfo
Info: (Embed_System.elf) 23 KBytes program size (code + initialized data).
Info:                    65509 KBytes free for stack + heap.
Info: Creating Embed_System.objdump
nios2-elf-objdump --disassemble --syms --all-header --source Embed_System.elf >Embed_System.objdump
[Embed_System build complete]
20:27:20 **** Incremental Build of configuration Nios II for project Embed_System ****
make all 
Info: Building ../Embed_System_bsp/
C:/intelFPGA_lite/16.1/nios2eds/bin/gnu/H-x86_64-mingw32/bin/make --no-print-directory -C ../Embed_System_bsp/
[BSP build complete]
Info: Compiling main.c to obj/default/main.o
nios2-elf-gcc -xc -MP -MMD -c -I../Embed_System_bsp//HAL/inc -I../Embed_System_bsp/ -I../Embed_System_bsp//drivers/inc  -pipe -D__hal__ -DALT_NO_C_PLUS_PLUS -DALT_NO_INSTRUCTION_EMULATION -DALT_USE_SMALL_DRIVERS -DALT_SINGLE_THREADED    -O2 -g -Wall   -mno-hw-div -mhw-mul -mno-hw-mulx -mgpopt=global  -o obj/default/main.o main.c
Info: Linking Embed_System.elf
nios2-elf-g++  -T'../Embed_System_bsp//linker.x' -msys-crt0='../Embed_System_bsp//obj/HAL/src/crt0.o' -msys-lib=hal_bsp -L../Embed_System_bsp/   -Wl,-Map=Embed_System.map   -O2 -g -Wall   -mno-hw-div -mhw-mul -mno-hw-mulx -mgpopt=global  -o Embed_System.elf obj/default/main.o obj/default/src/alarm_util.o obj/default/src/delay_wait.o obj/default/src/error_loop.o obj/default/src/jtag_uart_util.o obj/default/src/led_util.o -lm -msys-lib=m
nios2-elf-insert Embed_System.elf --thread_model hal --cpu_name nios2_gen2_0 --qsys true --simulation_enabled false --id 0 --sidp 0x8000040 --timestamp 1570474303 --stderr_dev jtag_uart --stdin_dev jtag_uart --stdout_dev jtag_uart --sopc_system_name Embed --quartus_project_dir "C:/AlteraPrj/DE10liteEmbed" --jdi C:/AlteraPrj/DE10liteEmbed/software/Embed_System_bsp/../../Embed.jdi --sopcinfo C:/AlteraPrj/DE10liteEmbed/software/Embed_System_bsp/../../Embed.sopcinfo
Info: (Embed_System.elf) 23 KBytes program size (code + initialized data).
Info:                    65509 KBytes free for stack + heap.
Info: Creating Embed_System.objdump
nios2-elf-objdump --disassemble --syms --all-header --source Embed_System.elf >Embed_System.objdump
[Embed_System build complete]
20:27:45 **** Build of configuration Nios II for project Embed_System ****
make all 
Info: Building ../Embed_System_bsp/
C:/intelFPGA_lite/16.1/nios2eds/bin/gnu/H-x86_64-mingw32/bin/make --no-print-directory -C ../Embed_System_bsp/
[BSP build complete]
[Embed_System build complete]
20:28:05 **** Incremental Build of configuration Nios II for project Embed_System ****
make all 
Info: Building ../Embed_System_bsp/
C:/intelFPGA_lite/16.1/nios2eds/bin/gnu/H-x86_64-mingw32/bin/make --no-print-directory -C ../Embed_System_bsp/
[BSP build complete]
[Embed_System build complete]
20:28:37 **** Incremental Build of configuration Nios II for project Embed_System ****
make all 
Info: Building ../Embed_System_bsp/
C:/intelFPGA_lite/16.1/nios2eds/bin/gnu/H-x86_64-mingw32/bin/make --no-print-directory -C ../Embed_System_bsp/
[BSP build complete]
Info: Compiling main.c to obj/default/main.o
nios2-elf-gcc -xc -MP -MMD -c -I../Embed_System_bsp//HAL/inc -I../Embed_System_bsp/ -I../Embed_System_bsp//drivers/inc  -pipe -D__hal__ -DALT_NO_C_PLUS_PLUS -DALT_NO_INSTRUCTION_EMULATION -DALT_USE_SMALL_DRIVERS -DALT_SINGLE_THREADED    -O2 -g -Wall   -mno-hw-div -mhw-mul -mno-hw-mulx -mgpopt=global  -o obj/default/main.o main.c
Info: Linking Embed_System.elf
nios2-elf-g++  -T'../Embed_System_bsp//linker.x' -msys-crt0='../Embed_System_bsp//obj/HAL/src/crt0.o' -msys-lib=hal_bsp -L../Embed_System_bsp/   -Wl,-Map=Embed_System.map   -O2 -g -Wall   -mno-hw-div -mhw-mul -mno-hw-mulx -mgpopt=global  -o Embed_System.elf obj/default/main.o obj/default/src/alarm_util.o obj/default/src/delay_wait.o obj/default/src/error_loop.o obj/default/src/jtag_uart_util.o obj/default/src/led_util.o -lm -msys-lib=m
nios2-elf-insert Embed_System.elf --thread_model hal --cpu_name nios2_gen2_0 --qsys true --simulation_enabled false --id 0 --sidp 0x8000040 --timestamp 1570474303 --stderr_dev jtag_uart --stdin_dev jtag_uart --stdout_dev jtag_uart --sopc_system_name Embed --quartus_project_dir "C:/AlteraPrj/DE10liteEmbed" --jdi C:/AlteraPrj/DE10liteEmbed/software/Embed_System_bsp/../../Embed.jdi --sopcinfo C:/AlteraPrj/DE10liteEmbed/software/Embed_System_bsp/../../Embed.sopcinfo
Info: (Embed_System.elf) 23 KBytes program size (code + initialized data).
Info:                    65509 KBytes free for stack + heap.
Info: Creating Embed_System.objdump
nios2-elf-objdump --disassemble --syms --all-header --source Embed_System.elf >Embed_System.objdump
[Embed_System build complete]
20:35:01 **** Incremental Build of configuration Nios II for project Embed_System ****
make all 
Info: Building ../Embed_System_bsp/
C:/intelFPGA_lite/16.1/nios2eds/bin/gnu/H-x86_64-mingw32/bin/make --no-print-directory -C ../Embed_System_bsp/
[BSP build complete]
Info: Compiling main.c to obj/default/main.o
nios2-elf-gcc -xc -MP -MMD -c -I../Embed_System_bsp//HAL/inc -I../Embed_System_bsp/ -I../Embed_System_bsp//drivers/inc  -pipe -D__hal__ -DALT_NO_C_PLUS_PLUS -DALT_NO_INSTRUCTION_EMULATION -DALT_USE_SMALL_DRIVERS -DALT_SINGLE_THREADED    -O2 -g -Wall   -mno-hw-div -mhw-mul -mno-hw-mulx -mgpopt=global  -o obj/default/main.o main.c
Info: Linking Embed_System.elf
nios2-elf-g++  -T'../Embed_System_bsp//linker.x' -msys-crt0='../Embed_System_bsp//obj/HAL/src/crt0.o' -msys-lib=hal_bsp -L../Embed_System_bsp/   -Wl,-Map=Embed_System.map   -O2 -g -Wall   -mno-hw-div -mhw-mul -mno-hw-mulx -mgpopt=global  -o Embed_System.elf obj/default/main.o obj/default/src/alarm_util.o obj/default/src/delay_wait.o obj/default/src/error_loop.o obj/default/src/jtag_uart_util.o obj/default/src/led_util.o -lm -msys-lib=m
nios2-elf-insert Embed_System.elf --thread_model hal --cpu_name nios2_gen2_0 --qsys true --simulation_enabled false --id 0 --sidp 0x8000040 --timestamp 1570474303 --stderr_dev jtag_uart --stdin_dev jtag_uart --stdout_dev jtag_uart --sopc_system_name Embed --quartus_project_dir "C:/AlteraPrj/DE10liteEmbed" --jdi C:/AlteraPrj/DE10liteEmbed/software/Embed_System_bsp/../../Embed.jdi --sopcinfo C:/AlteraPrj/DE10liteEmbed/software/Embed_System_bsp/../../Embed.sopcinfo
Info: (Embed_System.elf) 23 KBytes program size (code + initialized data).
Info:                    65509 KBytes free for stack + heap.
Info: Creating Embed_System.objdump
nios2-elf-objdump --disassemble --syms --all-header --source Embed_System.elf >Embed_System.objdump
[Embed_System build complete]
20:35:11 **** Incremental Build of configuration Nios II for project Embed_System ****
make all 
Info: Building ../Embed_System_bsp/
C:/intelFPGA_lite/16.1/nios2eds/bin/gnu/H-x86_64-mingw32/bin/make --no-print-directory -C ../Embed_System_bsp/
[BSP build complete]
[Embed_System build complete]
20:37:12 **** Incremental Build of configuration Nios II for project Embed_System ****
make all 
Info: Building ../Embed_System_bsp/
C:/intelFPGA_lite/16.1/nios2eds/bin/gnu/H-x86_64-mingw32/bin/make --no-print-directory -C ../Embed_System_bsp/
[BSP build complete]
Info: Compiling main.c to obj/default/main.o
nios2-elf-gcc -xc -MP -MMD -c -I../Embed_System_bsp//HAL/inc -I../Embed_System_bsp/ -I../Embed_System_bsp//drivers/inc  -pipe -D__hal__ -DALT_NO_C_PLUS_PLUS -DALT_NO_INSTRUCTION_EMULATION -DALT_USE_SMALL_DRIVERS -DALT_SINGLE_THREADED    -O2 -g -Wall   -mno-hw-div -mhw-mul -mno-hw-mulx -mgpopt=global  -o obj/default/main.o main.c
Info: Linking Embed_System.elf
nios2-elf-g++  -T'../Embed_System_bsp//linker.x' -msys-crt0='../Embed_System_bsp//obj/HAL/src/crt0.o' -msys-lib=hal_bsp -L../Embed_System_bsp/   -Wl,-Map=Embed_System.map   -O2 -g -Wall   -mno-hw-div -mhw-mul -mno-hw-mulx -mgpopt=global  -o Embed_System.elf obj/default/main.o obj/default/src/alarm_util.o obj/default/src/delay_wait.o obj/default/src/error_loop.o obj/default/src/jtag_uart_util.o obj/default/src/led_util.o -lm -msys-lib=m
nios2-elf-insert Embed_System.elf --thread_model hal --cpu_name nios2_gen2_0 --qsys true --simulation_enabled false --id 0 --sidp 0x8000040 --timestamp 1570474303 --stderr_dev jtag_uart --stdin_dev jtag_uart --stdout_dev jtag_uart --sopc_system_name Embed --quartus_project_dir "C:/AlteraPrj/DE10liteEmbed" --jdi C:/AlteraPrj/DE10liteEmbed/software/Embed_System_bsp/../../Embed.jdi --sopcinfo C:/AlteraPrj/DE10liteEmbed/software/Embed_System_bsp/../../Embed.sopcinfo
Info: (Embed_System.elf) 23 KBytes program size (code + initialized data).
Info:                    65509 KBytes free for stack + heap.
Info: Creating Embed_System.objdump
nios2-elf-objdump --disassemble --syms --all-header --source Embed_System.elf >Embed_System.objdump
[Embed_System build complete]
20:37:15 **** Incremental Build of configuration Nios II for project Embed_System ****
make all 
Info: Building ../Embed_System_bsp/
C:/intelFPGA_lite/16.1/nios2eds/bin/gnu/H-x86_64-mingw32/bin/make --no-print-directory -C ../Embed_System_bsp/
[BSP build complete]
[Embed_System build complete]
20:37:16 **** Incremental Build of configuration Nios II for project Embed_System ****
make all 
Info: Building ../Embed_System_bsp/
C:/intelFPGA_lite/16.1/nios2eds/bin/gnu/H-x86_64-mingw32/bin/make --no-print-directory -C ../Embed_System_bsp/
[BSP build complete]
[Embed_System build complete]
20:37:17 **** Incremental Build of configuration Nios II for project Embed_System ****
make all 
Info: Building ../Embed_System_bsp/
C:/intelFPGA_lite/16.1/nios2eds/bin/gnu/H-x86_64-mingw32/bin/make --no-print-directory -C ../Embed_System_bsp/
[BSP build complete]
[Embed_System build complete]
20:37:21 **** Incremental Build of configuration Nios II for project Embed_System ****
make all 
Info: Building ../Embed_System_bsp/
C:/intelFPGA_lite/16.1/nios2eds/bin/gnu/H-x86_64-mingw32/bin/make --no-print-directory -C ../Embed_System_bsp/
[BSP build complete]
[Embed_System build complete]
20:38:09 **** Incremental Build of configuration Nios II for project Embed_System ****
make all 
Info: Building ../Embed_System_bsp/
C:/intelFPGA_lite/16.1/nios2eds/bin/gnu/H-x86_64-mingw32/bin/make --no-print-directory -C ../Embed_System_bsp/
[BSP build complete]
[Embed_System build complete]
20:39:38 **** Incremental Build of configuration Nios II for project Embed_System ****
make all 
Info: Building ../Embed_System_bsp/
C:/intelFPGA_lite/16.1/nios2eds/bin/gnu/H-x86_64-mingw32/bin/make --no-print-directory -C ../Embed_System_bsp/
[BSP build complete]
Info: Compiling main.c to obj/default/main.o
nios2-elf-gcc -xc -MP -MMD -c -I../Embed_System_bsp//HAL/inc -I../Embed_System_bsp/ -I../Embed_System_bsp//drivers/inc  -pipe -D__hal__ -DALT_NO_C_PLUS_PLUS -DALT_NO_INSTRUCTION_EMULATION -DALT_USE_SMALL_DRIVERS -DALT_SINGLE_THREADED    -O2 -g -Wall   -mno-hw-div -mhw-mul -mno-hw-mulx -mgpopt=global  -o obj/default/main.o main.c
Info: Linking Embed_System.elf
nios2-elf-g++  -T'../Embed_System_bsp//linker.x' -msys-crt0='../Embed_System_bsp//obj/HAL/src/crt0.o' -msys-lib=hal_bsp -L../Embed_System_bsp/   -Wl,-Map=Embed_System.map   -O2 -g -Wall   -mno-hw-div -mhw-mul -mno-hw-mulx -mgpopt=global  -o Embed_System.elf obj/default/main.o obj/default/src/alarm_util.o obj/default/src/delay_wait.o obj/default/src/error_loop.o obj/default/src/jtag_uart_util.o obj/default/src/led_util.o -lm -msys-lib=m
nios2-elf-insert Embed_System.elf --thread_model hal --cpu_name nios2_gen2_0 --qsys true --simulation_enabled false --id 0 --sidp 0x8000040 --timestamp 1570474303 --stderr_dev jtag_uart --stdin_dev jtag_uart --stdout_dev jtag_uart --sopc_system_name Embed --quartus_project_dir "C:/AlteraPrj/DE10liteEmbed" --jdi C:/AlteraPrj/DE10liteEmbed/software/Embed_System_bsp/../../Embed.jdi --sopcinfo C:/AlteraPrj/DE10liteEmbed/software/Embed_System_bsp/../../Embed.sopcinfo
Info: (Embed_System.elf) 23 KBytes program size (code + initialized data).
Info:                    65509 KBytes free for stack + heap.
Info: Creating Embed_System.objdump
nios2-elf-objdump --disassemble --syms --all-header --source Embed_System.elf >Embed_System.objdump
[Embed_System build complete]
20:46:02 **** Incremental Build of configuration Nios II for project Embed_System ****
make all 
Info: Building ../Embed_System_bsp/
C:/intelFPGA_lite/16.1/nios2eds/bin/gnu/H-x86_64-mingw32/bin/make --no-print-directory -C ../Embed_System_bsp/
[BSP build complete]
Info: Compiling main.c to obj/default/main.o
nios2-elf-gcc -xc -MP -MMD -c -I../Embed_System_bsp//HAL/inc -I../Embed_System_bsp/ -I../Embed_System_bsp//drivers/inc  -pipe -D__hal__ -DALT_NO_C_PLUS_PLUS -DALT_NO_INSTRUCTION_EMULATION -DALT_USE_SMALL_DRIVERS -DALT_SINGLE_THREADED    -O2 -g -Wall   -mno-hw-div -mhw-mul -mno-hw-mulx -mgpopt=global  -o obj/default/main.o main.c
main.c: In function 'main':
main.c:111:6: error: expected ')' before '{' token
      {
      ^
main.c:130:5: error: expected expression before '}' token
     }
     ^
make: *** [obj/default/main.o] Error 1
20:46:25 **** Incremental Build of configuration Nios II for project Embed_System ****
make all 
Info: Building ../Embed_System_bsp/
C:/intelFPGA_lite/16.1/nios2eds/bin/gnu/H-x86_64-mingw32/bin/make --no-print-directory -C ../Embed_System_bsp/
[BSP build complete]
Info: Compiling main.c to obj/default/main.o
nios2-elf-gcc -xc -MP -MMD -c -I../Embed_System_bsp//HAL/inc -I../Embed_System_bsp/ -I../Embed_System_bsp//drivers/inc  -pipe -D__hal__ -DALT_NO_C_PLUS_PLUS -DALT_NO_INSTRUCTION_EMULATION -DALT_USE_SMALL_DRIVERS -DALT_SINGLE_THREADED    -O2 -g -Wall   -mno-hw-div -mhw-mul -mno-hw-mulx -mgpopt=global  -o obj/default/main.o main.c
main.c: In function 'main':
main.c:111:6: error: expected ')' before '{' token
      {
      ^
main.c:130:5: error: expected expression before '}' token
     }
     ^
make: *** [obj/default/main.o] Error 1
20:52:07 **** Incremental Build of configuration Nios II for project Embed_System ****
make all 
Info: Building ../Embed_System_bsp/
C:/intelFPGA_lite/16.1/nios2eds/bin/gnu/H-x86_64-mingw32/bin/make --no-print-directory -C ../Embed_System_bsp/
[BSP build complete]
Info: Compiling main.c to obj/default/main.o
nios2-elf-gcc -xc -MP -MMD -c -I../Embed_System_bsp//HAL/inc -I../Embed_System_bsp/ -I../Embed_System_bsp//drivers/inc  -pipe -D__hal__ -DALT_NO_C_PLUS_PLUS -DALT_NO_INSTRUCTION_EMULATION -DALT_USE_SMALL_DRIVERS -DALT_SINGLE_THREADED    -O2 -g -Wall   -mno-hw-div -mhw-mul -mno-hw-mulx -mgpopt=global  -o obj/default/main.o main.c
main.c: In function 'main':
main.c:111:6: error: expected ')' before '{' token
      {
      ^
main.c:130:5: error: expected expression before '}' token
     }
     ^
make: *** [obj/default/main.o] Error 1
20:52:31 **** Incremental Build of configuration Nios II for project Embed_System ****
make all 
Info: Building ../Embed_System_bsp/
C:/intelFPGA_lite/16.1/nios2eds/bin/gnu/H-x86_64-mingw32/bin/make --no-print-directory -C ../Embed_System_bsp/
[BSP build complete]
Info: Compiling main.c to obj/default/main.o
nios2-elf-gcc -xc -MP -MMD -c -I../Embed_System_bsp//HAL/inc -I../Embed_System_bsp/ -I../Embed_System_bsp//drivers/inc  -pipe -D__hal__ -DALT_NO_C_PLUS_PLUS -DALT_NO_INSTRUCTION_EMULATION -DALT_USE_SMALL_DRIVERS -DALT_SINGLE_THREADED    -O2 -g -Wall   -mno-hw-div -mhw-mul -mno-hw-mulx -mgpopt=global  -o obj/default/main.o main.c
Info: Linking Embed_System.elf
nios2-elf-g++  -T'../Embed_System_bsp//linker.x' -msys-crt0='../Embed_System_bsp//obj/HAL/src/crt0.o' -msys-lib=hal_bsp -L../Embed_System_bsp/   -Wl,-Map=Embed_System.map   -O2 -g -Wall   -mno-hw-div -mhw-mul -mno-hw-mulx -mgpopt=global  -o Embed_System.elf obj/default/main.o obj/default/src/alarm_util.o obj/default/src/delay_wait.o obj/default/src/error_loop.o obj/default/src/jtag_uart_util.o obj/default/src/led_util.o -lm -msys-lib=m
nios2-elf-insert Embed_System.elf --thread_model hal --cpu_name nios2_gen2_0 --qsys true --simulation_enabled false --id 0 --sidp 0x8000040 --timestamp 1570474303 --stderr_dev jtag_uart --stdin_dev jtag_uart --stdout_dev jtag_uart --sopc_system_name Embed --quartus_project_dir "C:/AlteraPrj/DE10liteEmbed" --jdi C:/AlteraPrj/DE10liteEmbed/software/Embed_System_bsp/../../Embed.jdi --sopcinfo C:/AlteraPrj/DE10liteEmbed/software/Embed_System_bsp/../../Embed.sopcinfo
Info: (Embed_System.elf) 23 KBytes program size (code + initialized data).
Info:                    65509 KBytes free for stack + heap.
Info: Creating Embed_System.objdump
nios2-elf-objdump --disassemble --syms --all-header --source Embed_System.elf >Embed_System.objdump
[Embed_System build complete]
21:17:39 **** Incremental Build of configuration Nios II for project Embed_System ****
make all 
Info: Building ../Embed_System_bsp/
C:/intelFPGA_lite/16.1/nios2eds/bin/gnu/H-x86_64-mingw32/bin/make --no-print-directory -C ../Embed_System_bsp/
[BSP build complete]
Info: Compiling main.c to obj/default/main.o
nios2-elf-gcc -xc -MP -MMD -c -I../Embed_System_bsp//HAL/inc -I../Embed_System_bsp/ -I../Embed_System_bsp//drivers/inc  -pipe -D__hal__ -DALT_NO_C_PLUS_PLUS -DALT_NO_INSTRUCTION_EMULATION -DALT_USE_SMALL_DRIVERS -DALT_SINGLE_THREADED    -O2 -g -Wall   -mno-hw-div -mhw-mul -mno-hw-mulx -mgpopt=global  -o obj/default/main.o main.c
main.c: In function 'main':
main.c:110:9: warning: implicit declaration of function 'alt_avalon_spi_command' [-Wimplicit-function-declaration]
   len = alt_avalon_spi_command( SPI_0_BASE,
         ^
main.c:25:7: warning: variable 'dir' set but not used [-Wunused-but-set-variable]
   int dir;
       ^
main.c:23:10: warning: variable 'binary_count' set but not used [-Wunused-but-set-variable]
   alt_u8 binary_count;
          ^
main.c: At top level:
main.c:178:1: error: expected identifier or '(' before '}' token
 }
 ^
make: *** [obj/default/main.o] Error 1
21:18:10 **** Incremental Build of configuration Nios II for project Embed_System ****
make all 
Info: Building ../Embed_System_bsp/
C:/intelFPGA_lite/16.1/nios2eds/bin/gnu/H-x86_64-mingw32/bin/make --no-print-directory -C ../Embed_System_bsp/
[BSP build complete]
Info: Compiling main.c to obj/default/main.o
nios2-elf-gcc -xc -MP -MMD -c -I../Embed_System_bsp//HAL/inc -I../Embed_System_bsp/ -I../Embed_System_bsp//drivers/inc  -pipe -D__hal__ -DALT_NO_C_PLUS_PLUS -DALT_NO_INSTRUCTION_EMULATION -DALT_USE_SMALL_DRIVERS -DALT_SINGLE_THREADED    -O2 -g -Wall   -mno-hw-div -mhw-mul -mno-hw-mulx -mgpopt=global  -o obj/default/main.o main.c
main.c: In function 'main':
main.c:25:7: warning: variable 'dir' set but not used [-Wunused-but-set-variable]
   int dir;
       ^
main.c:23:10: warning: variable 'binary_count' set but not used [-Wunused-but-set-variable]
   alt_u8 binary_count;
          ^
main.c: At top level:
main.c:178:1: error: expected identifier or '(' before '}' token
 }
 ^
make: *** [obj/default/main.o] Error 1
21:18:36 **** Incremental Build of configuration Nios II for project Embed_System ****
make all 
Info: Building ../Embed_System_bsp/
C:/intelFPGA_lite/16.1/nios2eds/bin/gnu/H-x86_64-mingw32/bin/make --no-print-directory -C ../Embed_System_bsp/
[BSP build complete]
Info: Compiling main.c to obj/default/main.o
nios2-elf-gcc -xc -MP -MMD -c -I../Embed_System_bsp//HAL/inc -I../Embed_System_bsp/ -I../Embed_System_bsp//drivers/inc  -pipe -D__hal__ -DALT_NO_C_PLUS_PLUS -DALT_NO_INSTRUCTION_EMULATION -DALT_USE_SMALL_DRIVERS -DALT_SINGLE_THREADED    -O2 -g -Wall   -mno-hw-div -mhw-mul -mno-hw-mulx -mgpopt=global  -o obj/default/main.o main.c
main.c: In function 'main':
main.c:25:7: warning: variable 'dir' set but not used [-Wunused-but-set-variable]
   int dir;
       ^
main.c:23:10: warning: variable 'binary_count' set but not used [-Wunused-but-set-variable]
   alt_u8 binary_count;
          ^
main.c: At top level:
main.c:178:1: error: expected identifier or '(' before '}' token
 }
 ^
make: *** [obj/default/main.o] Error 1
21:20:07 **** Incremental Build of configuration Nios II for project Embed_System ****
make all 
Info: Building ../Embed_System_bsp/
C:/intelFPGA_lite/16.1/nios2eds/bin/gnu/H-x86_64-mingw32/bin/make --no-print-directory -C ../Embed_System_bsp/
[BSP build complete]
Info: Compiling main.c to obj/default/main.o
nios2-elf-gcc -xc -MP -MMD -c -I../Embed_System_bsp//HAL/inc -I../Embed_System_bsp/ -I../Embed_System_bsp//drivers/inc  -pipe -D__hal__ -DALT_NO_C_PLUS_PLUS -DALT_NO_INSTRUCTION_EMULATION -DALT_USE_SMALL_DRIVERS -DALT_SINGLE_THREADED    -O2 -g -Wall   -mno-hw-div -mhw-mul -mno-hw-mulx -mgpopt=global  -o obj/default/main.o main.c
main.c: In function 'main':
main.c:25:7: warning: variable 'dir' set but not used [-Wunused-but-set-variable]
   int dir;
       ^
main.c:23:10: warning: variable 'binary_count' set but not used [-Wunused-but-set-variable]
   alt_u8 binary_count;
          ^
Info: Linking Embed_System.elf
nios2-elf-g++  -T'../Embed_System_bsp//linker.x' -msys-crt0='../Embed_System_bsp//obj/HAL/src/crt0.o' -msys-lib=hal_bsp -L../Embed_System_bsp/   -Wl,-Map=Embed_System.map   -O2 -g -Wall   -mno-hw-div -mhw-mul -mno-hw-mulx -mgpopt=global  -o Embed_System.elf obj/default/main.o obj/default/src/alarm_util.o obj/default/src/delay_wait.o obj/default/src/error_loop.o obj/default/src/jtag_uart_util.o obj/default/src/led_util.o -lm -msys-lib=m
nios2-elf-insert Embed_System.elf --thread_model hal --cpu_name nios2_gen2_0 --qsys true --simulation_enabled false --id 0 --sidp 0x8000040 --timestamp 1570474303 --stderr_dev jtag_uart --stdin_dev jtag_uart --stdout_dev jtag_uart --sopc_system_name Embed --quartus_project_dir "C:/AlteraPrj/DE10liteEmbed" --jdi C:/AlteraPrj/DE10liteEmbed/software/Embed_System_bsp/../../Embed.jdi --sopcinfo C:/AlteraPrj/DE10liteEmbed/software/Embed_System_bsp/../../Embed.sopcinfo
Info: (Embed_System.elf) 24 KBytes program size (code + initialized data).
Info:                    65508 KBytes free for stack + heap.
Info: Creating Embed_System.objdump
nios2-elf-objdump --disassemble --syms --all-header --source Embed_System.elf >Embed_System.objdump
[Embed_System build complete]
21:22:03 **** Incremental Build of configuration Nios II for project Embed_System ****
make all 
Info: Building ../Embed_System_bsp/
C:/intelFPGA_lite/16.1/nios2eds/bin/gnu/H-x86_64-mingw32/bin/make --no-print-directory -C ../Embed_System_bsp/
[BSP build complete]
Info: Compiling main.c to obj/default/main.o
nios2-elf-gcc -xc -MP -MMD -c -I../Embed_System_bsp//HAL/inc -I../Embed_System_bsp/ -I../Embed_System_bsp//drivers/inc  -pipe -D__hal__ -DALT_NO_C_PLUS_PLUS -DALT_NO_INSTRUCTION_EMULATION -DALT_USE_SMALL_DRIVERS -DALT_SINGLE_THREADED    -O2 -g -Wall   -mno-hw-div -mhw-mul -mno-hw-mulx -mgpopt=global  -o obj/default/main.o main.c
main.c: In function 'main':
main.c:25:7: warning: variable 'dir' set but not used [-Wunused-but-set-variable]
   int dir;
       ^
main.c:23:10: warning: variable 'binary_count' set but not used [-Wunused-but-set-variable]
   alt_u8 binary_count;
          ^
Info: Linking Embed_System.elf
nios2-elf-g++  -T'../Embed_System_bsp//linker.x' -msys-crt0='../Embed_System_bsp//obj/HAL/src/crt0.o' -msys-lib=hal_bsp -L../Embed_System_bsp/   -Wl,-Map=Embed_System.map   -O2 -g -Wall   -mno-hw-div -mhw-mul -mno-hw-mulx -mgpopt=global  -o Embed_System.elf obj/default/main.o obj/default/src/alarm_util.o obj/default/src/delay_wait.o obj/default/src/error_loop.o obj/default/src/jtag_uart_util.o obj/default/src/led_util.o -lm -msys-lib=m
nios2-elf-insert Embed_System.elf --thread_model hal --cpu_name nios2_gen2_0 --qsys true --simulation_enabled false --id 0 --sidp 0x8000040 --timestamp 1570474303 --stderr_dev jtag_uart --stdin_dev jtag_uart --stdout_dev jtag_uart --sopc_system_name Embed --quartus_project_dir "C:/AlteraPrj/DE10liteEmbed" --jdi C:/AlteraPrj/DE10liteEmbed/software/Embed_System_bsp/../../Embed.jdi --sopcinfo C:/AlteraPrj/DE10liteEmbed/software/Embed_System_bsp/../../Embed.sopcinfo
Info: (Embed_System.elf) 24 KBytes program size (code + initialized data).
Info:                    65508 KBytes free for stack + heap.
Info: Creating Embed_System.objdump
nios2-elf-objdump --disassemble --syms --all-header --source Embed_System.elf >Embed_System.objdump
[Embed_System build complete]
22:37:40 **** Incremental Build of configuration Nios II for project Embed_System ****
make all 
Info: Building ../Embed_System_bsp/
C:/intelFPGA_lite/16.1/nios2eds/bin/gnu/H-x86_64-mingw32/bin/make --no-print-directory -C ../Embed_System_bsp/
[BSP build complete]
Info: Compiling main.c to obj/default/main.o
nios2-elf-gcc -xc -MP -MMD -c -I../Embed_System_bsp//HAL/inc -I../Embed_System_bsp/ -I../Embed_System_bsp//drivers/inc  -pipe -D__hal__ -DALT_NO_C_PLUS_PLUS -DALT_NO_INSTRUCTION_EMULATION -DALT_USE_SMALL_DRIVERS -DALT_SINGLE_THREADED    -O2 -g -Wall   -mno-hw-div -mhw-mul -mno-hw-mulx -mgpopt=global  -o obj/default/main.o main.c
main.c: In function 'main':
main.c:40:28: error: lvalue required as left operand of assignment
    while( '\n' != (++input = alt_getchar()) );
                            ^
make: *** [obj/default/main.o] Error 1
22:38:18 **** Incremental Build of configuration Nios II for project Embed_System ****
make all 
Info: Building ../Embed_System_bsp/
C:/intelFPGA_lite/16.1/nios2eds/bin/gnu/H-x86_64-mingw32/bin/make --no-print-directory -C ../Embed_System_bsp/
[BSP build complete]
Info: Compiling main.c to obj/default/main.o
nios2-elf-gcc -xc -MP -MMD -c -I../Embed_System_bsp//HAL/inc -I../Embed_System_bsp/ -I../Embed_System_bsp//drivers/inc  -pipe -D__hal__ -DALT_NO_C_PLUS_PLUS -DALT_NO_INSTRUCTION_EMULATION -DALT_USE_SMALL_DRIVERS -DALT_SINGLE_THREADED    -O2 -g -Wall   -mno-hw-div -mhw-mul -mno-hw-mulx -mgpopt=global  -o obj/default/main.o main.c
main.c: In function 'main':
main.c:45:13: warning: 'input' may be used uninitialized in this function [-Wmaybe-uninitialized]
    if( 0 == strcmp("counter", input) )
             ^
Info: Linking Embed_System.elf
nios2-elf-g++  -T'../Embed_System_bsp//linker.x' -msys-crt0='../Embed_System_bsp//obj/HAL/src/crt0.o' -msys-lib=hal_bsp -L../Embed_System_bsp/   -Wl,-Map=Embed_System.map   -O2 -g -Wall   -mno-hw-div -mhw-mul -mno-hw-mulx -mgpopt=global  -o Embed_System.elf obj/default/main.o obj/default/src/alarm_util.o obj/default/src/delay_wait.o obj/default/src/error_loop.o obj/default/src/jtag_uart_util.o obj/default/src/led_util.o -lm -msys-lib=m
nios2-elf-insert Embed_System.elf --thread_model hal --cpu_name nios2_gen2_0 --qsys true --simulation_enabled false --id 0 --sidp 0x8000040 --timestamp 1570474303 --stderr_dev jtag_uart --stdin_dev jtag_uart --stdout_dev jtag_uart --sopc_system_name Embed --quartus_project_dir "C:/AlteraPrj/DE10liteEmbed" --jdi C:/AlteraPrj/DE10liteEmbed/software/Embed_System_bsp/../../Embed.jdi --sopcinfo C:/AlteraPrj/DE10liteEmbed/software/Embed_System_bsp/../../Embed.sopcinfo
Info: (Embed_System.elf) 24 KBytes program size (code + initialized data).
Info:                    65508 KBytes free for stack + heap.
Info: Creating Embed_System.objdump
nios2-elf-objdump --disassemble --syms --all-header --source Embed_System.elf >Embed_System.objdump
[Embed_System build complete]
