11:25:58 **** Incremental Build of configuration Nios II for project name_display_sw ****
make all 
Info: Building ../name_display_sw_bsp/
C:/intelFPGA_lite/16.1/nios2eds/bin/gnu/H-x86_64-mingw32/bin/make --no-print-directory -C ../name_display_sw_bsp/
[BSP build complete]
[name_display_sw build complete]
11:26:07 **** Build of configuration Nios II for project name_display_sw ****
make all 
Info: Building ../name_display_sw_bsp/
C:/intelFPGA_lite/16.1/nios2eds/bin/gnu/H-x86_64-mingw32/bin/make --no-print-directory -C ../name_display_sw_bsp/
[BSP build complete]
[name_display_sw build complete]
11:26:42 **** Incremental Build of configuration Nios II for project name_display_sw ****
make all 
Info: Building ../name_display_sw_bsp/
C:/intelFPGA_lite/16.1/nios2eds/bin/gnu/H-x86_64-mingw32/bin/make --no-print-directory -C ../name_display_sw_bsp/
[BSP build complete]
[name_display_sw build complete]
11:29:13 **** Incremental Build of configuration Nios II for project name_display_sw ****
make all 
Info: Building ../name_display_sw_bsp/
C:/intelFPGA_lite/16.1/nios2eds/bin/gnu/H-x86_64-mingw32/bin/make --no-print-directory -C ../name_display_sw_bsp/
[BSP build complete]
[name_display_sw build complete]
11:29:15 **** Build of configuration Nios II for project name_display_sw_bsp ****
make all 
[BSP build complete]
11:29:25 **** Build of configuration Nios II for project name_display_sw ****
make all 
Info: Building ../name_display_sw_bsp/
C:/intelFPGA_lite/16.1/nios2eds/bin/gnu/H-x86_64-mingw32/bin/make --no-print-directory -C ../name_display_sw_bsp/
[BSP build complete]
[name_display_sw build complete]
11:29:34 **** Incremental Build of configuration Nios II for project name_display_sw ****
make all 
Info: Building ../name_display_sw_bsp/
C:/intelFPGA_lite/16.1/nios2eds/bin/gnu/H-x86_64-mingw32/bin/make --no-print-directory -C ../name_display_sw_bsp/
[BSP build complete]
Info: Compiling name_display_sw.c to obj/default/name_display_sw.o
nios2-elf-gcc -xc -MP -MMD -c -I../name_display_sw_bsp//HAL/inc -I../name_display_sw_bsp/ -I../name_display_sw_bsp//drivers/inc  -pipe -D__hal__ -DALT_NO_C_PLUS_PLUS -DALT_NO_CLEAN_EXIT -D'exit(a)=_exit(a)' -DALT_NO_EXIT -DALT_USE_DIRECT_DRIVERS -DALT_NO_INSTRUCTION_EMULATION -DALT_USE_SMALL_DRIVERS -DSMALL_C_LIB -DALT_SINGLE_THREADED    -Os -g -Wall   -mno-hw-div -mno-hw-mul -mno-hw-mulx -mgpopt=global  -o obj/default/name_display_sw.o name_display_sw.c
name_display_sw.c: In function 'main':
name_display_sw.c:34:7: warning: 'i' may be used uninitialized in this function [-Wmaybe-uninitialized]
     if(i==1)
       ^
Info: Linking name_display_sw.elf
nios2-elf-g++  -T'../name_display_sw_bsp//linker.x' -msys-crt0='../name_display_sw_bsp//obj/HAL/src/crt0.o' -msys-lib=hal_bsp -L../name_display_sw_bsp/  -msmallc  -Wl,-Map=name_display_sw.map   -Os -g -Wall   -mno-hw-div -mno-hw-mul -mno-hw-mulx -mgpopt=global  -o name_display_sw.elf obj/default/name_display_sw.o -lm -msys-lib=m
nios2-elf-insert name_display_sw.elf --thread_model hal --cpu_name nios2_gen2_0 --qsys true --simulation_enabled false --stderr_dev jtag_uart_0 --stdin_dev jtag_uart_0 --stdout_dev jtag_uart_0 --sopc_system_name nios_nameDisplay --quartus_project_dir "C:/Alteraprj/name_display" --jdi ../..//output_files/name_display.jdi --sopcinfo C:/Alteraprj/name_display/software/name_display_sw_bsp/../../nios_nameDisplay.sopcinfo
Info: (name_display_sw.elf) 1520 Bytes program size (code + initialized data).
Info:                       14 KBytes free for stack + heap.
Info: Creating name_display_sw.objdump
nios2-elf-objdump --disassemble --syms --all-header --source name_display_sw.elf >name_display_sw.objdump
[name_display_sw build complete]
11:30:41 **** Incremental Build of configuration Nios II for project name_display_sw ****
make all 
Info: Building ../name_display_sw_bsp/
C:/intelFPGA_lite/16.1/nios2eds/bin/gnu/H-x86_64-mingw32/bin/make --no-print-directory -C ../name_display_sw_bsp/
[BSP build complete]
[name_display_sw build complete]
11:30:42 **** Incremental Build of configuration Nios II for project name_display_sw_bsp ****
make all 
[BSP build complete]
11:30:51 **** Build of configuration Nios II for project name_display_sw ****
make all 
Info: Building ../name_display_sw_bsp/
C:/intelFPGA_lite/16.1/nios2eds/bin/gnu/H-x86_64-mingw32/bin/make --no-print-directory -C ../name_display_sw_bsp/
[BSP build complete]
[name_display_sw build complete]
11:31:08 **** Incremental Build of configuration Nios II for project name_display_sw ****
make all 
Info: Building ../name_display_sw_bsp/
C:/intelFPGA_lite/16.1/nios2eds/bin/gnu/H-x86_64-mingw32/bin/make --no-print-directory -C ../name_display_sw_bsp/
[BSP build complete]
Info: Compiling name_display_sw.c to obj/default/name_display_sw.o
nios2-elf-gcc -xc -MP -MMD -c -I../name_display_sw_bsp//HAL/inc -I../name_display_sw_bsp/ -I../name_display_sw_bsp//drivers/inc  -pipe -D__hal__ -DALT_NO_C_PLUS_PLUS -DALT_NO_CLEAN_EXIT -D'exit(a)=_exit(a)' -DALT_NO_EXIT -DALT_USE_DIRECT_DRIVERS -DALT_NO_INSTRUCTION_EMULATION -DALT_USE_SMALL_DRIVERS -DSMALL_C_LIB -DALT_SINGLE_THREADED    -Os -g -Wall   -mno-hw-div -mno-hw-mul -mno-hw-mulx -mgpopt=global  -o obj/default/name_display_sw.o name_display_sw.c
Info: Linking name_display_sw.elf
nios2-elf-g++  -T'../name_display_sw_bsp//linker.x' -msys-crt0='../name_display_sw_bsp//obj/HAL/src/crt0.o' -msys-lib=hal_bsp -L../name_display_sw_bsp/  -msmallc  -Wl,-Map=name_display_sw.map   -Os -g -Wall   -mno-hw-div -mno-hw-mul -mno-hw-mulx -mgpopt=global  -o name_display_sw.elf obj/default/name_display_sw.o -lm -msys-lib=m
nios2-elf-insert name_display_sw.elf --thread_model hal --cpu_name nios2_gen2_0 --qsys true --simulation_enabled false --stderr_dev jtag_uart_0 --stdin_dev jtag_uart_0 --stdout_dev jtag_uart_0 --sopc_system_name nios_nameDisplay --quartus_project_dir "C:/Alteraprj/name_display" --jdi ../..//output_files/name_display.jdi --sopcinfo C:/Alteraprj/name_display/software/name_display_sw_bsp/../../nios_nameDisplay.sopcinfo
Info: (name_display_sw.elf) 1516 Bytes program size (code + initialized data).
Info:                       14 KBytes free for stack + heap.
Info: Creating name_display_sw.objdump
nios2-elf-objdump --disassemble --syms --all-header --source name_display_sw.elf >name_display_sw.objdump
[name_display_sw build complete]
11:54:52 **** Incremental Build of configuration Nios II for project name_display_sw ****
make all 
Info: Building ../name_display_sw_bsp/
C:/intelFPGA_lite/16.1/nios2eds/bin/gnu/H-x86_64-mingw32/bin/make --no-print-directory -C ../name_display_sw_bsp/
[BSP build complete]
Info: Compiling name_display_sw.c to obj/default/name_display_sw.o
nios2-elf-gcc -xc -MP -MMD -c -I../name_display_sw_bsp//HAL/inc -I../name_display_sw_bsp/ -I../name_display_sw_bsp//drivers/inc  -pipe -D__hal__ -DALT_NO_C_PLUS_PLUS -DALT_NO_CLEAN_EXIT -D'exit(a)=_exit(a)' -DALT_NO_EXIT -DALT_USE_DIRECT_DRIVERS -DALT_NO_INSTRUCTION_EMULATION -DALT_USE_SMALL_DRIVERS -DSMALL_C_LIB -DALT_SINGLE_THREADED    -Os -g -Wall   -mno-hw-div -mno-hw-mul -mno-hw-mulx -mgpopt=global  -o obj/default/name_display_sw.o name_display_sw.c
Info: Linking name_display_sw.elf
nios2-elf-g++  -T'../name_display_sw_bsp//linker.x' -msys-crt0='../name_display_sw_bsp//obj/HAL/src/crt0.o' -msys-lib=hal_bsp -L../name_display_sw_bsp/  -msmallc  -Wl,-Map=name_display_sw.map   -Os -g -Wall   -mno-hw-div -mno-hw-mul -mno-hw-mulx -mgpopt=global  -o name_display_sw.elf obj/default/name_display_sw.o -lm -msys-lib=m
nios2-elf-insert name_display_sw.elf --thread_model hal --cpu_name nios2_gen2_0 --qsys true --simulation_enabled false --stderr_dev jtag_uart_0 --stdin_dev jtag_uart_0 --stdout_dev jtag_uart_0 --sopc_system_name nios_nameDisplay --quartus_project_dir "C:/Alteraprj/name_display" --jdi ../..//output_files/name_display.jdi --sopcinfo C:/Alteraprj/name_display/software/name_display_sw_bsp/../../nios_nameDisplay.sopcinfo
Info: (name_display_sw.elf) 1516 Bytes program size (code + initialized data).
Info:                       14 KBytes free for stack + heap.
Info: Creating name_display_sw.objdump
nios2-elf-objdump --disassemble --syms --all-header --source name_display_sw.elf >name_display_sw.objdump
[name_display_sw build complete]
11:54:55 **** Incremental Build of configuration Nios II for project name_display_sw_bsp ****
make all 
[BSP build complete]
11:55:05 **** Build of configuration Nios II for project name_display_sw ****
make all 
Info: Building ../name_display_sw_bsp/
C:/intelFPGA_lite/16.1/nios2eds/bin/gnu/H-x86_64-mingw32/bin/make --no-print-directory -C ../name_display_sw_bsp/
[BSP build complete]
[name_display_sw build complete]
11:55:26 **** Incremental Build of configuration Nios II for project name_display_sw ****
make all 
Info: Building ../name_display_sw_bsp/
C:/intelFPGA_lite/16.1/nios2eds/bin/gnu/H-x86_64-mingw32/bin/make --no-print-directory -C ../name_display_sw_bsp/
[BSP build complete]
[name_display_sw build complete]
12:00:55 **** Incremental Build of configuration Nios II for project name_display_sw ****
make all 
Info: Building ../name_display_sw_bsp/
C:/intelFPGA_lite/16.1/nios2eds/bin/gnu/H-x86_64-mingw32/bin/make --no-print-directory -C ../name_display_sw_bsp/
[BSP build complete]
Info: Compiling name_display_sw.c to obj/default/name_display_sw.o
nios2-elf-gcc -xc -MP -MMD -c -I../name_display_sw_bsp//HAL/inc -I../name_display_sw_bsp/ -I../name_display_sw_bsp//drivers/inc  -pipe -D__hal__ -DALT_NO_C_PLUS_PLUS -DALT_NO_CLEAN_EXIT -D'exit(a)=_exit(a)' -DALT_NO_EXIT -DALT_USE_DIRECT_DRIVERS -DALT_NO_INSTRUCTION_EMULATION -DALT_USE_SMALL_DRIVERS -DSMALL_C_LIB -DALT_SINGLE_THREADED    -Os -g -Wall   -mno-hw-div -mno-hw-mul -mno-hw-mulx -mgpopt=global  -o obj/default/name_display_sw.o name_display_sw.c
Info: Linking name_display_sw.elf
nios2-elf-g++  -T'../name_display_sw_bsp//linker.x' -msys-crt0='../name_display_sw_bsp//obj/HAL/src/crt0.o' -msys-lib=hal_bsp -L../name_display_sw_bsp/  -msmallc  -Wl,-Map=name_display_sw.map   -Os -g -Wall   -mno-hw-div -mno-hw-mul -mno-hw-mulx -mgpopt=global  -o name_display_sw.elf obj/default/name_display_sw.o -lm -msys-lib=m
nios2-elf-insert name_display_sw.elf --thread_model hal --cpu_name nios2_gen2_0 --qsys true --simulation_enabled false --stderr_dev jtag_uart_0 --stdin_dev jtag_uart_0 --stdout_dev jtag_uart_0 --sopc_system_name nios_nameDisplay --quartus_project_dir "C:/Alteraprj/name_display" --jdi ../..//output_files/name_display.jdi --sopcinfo C:/Alteraprj/name_display/software/name_display_sw_bsp/../../nios_nameDisplay.sopcinfo
Info: (name_display_sw.elf) 1516 Bytes program size (code + initialized data).
Info:                       14 KBytes free for stack + heap.
Info: Creating name_display_sw.objdump
nios2-elf-objdump --disassemble --syms --all-header --source name_display_sw.elf >name_display_sw.objdump
[name_display_sw build complete]
12:00:57 **** Incremental Build of configuration Nios II for project name_display_sw_bsp ****
make all 
[BSP build complete]
12:01:40 **** Incremental Build of configuration Nios II for project name_display_sw ****
make all 
Info: Building ../name_display_sw_bsp/
C:/intelFPGA_lite/16.1/nios2eds/bin/gnu/H-x86_64-mingw32/bin/make --no-print-directory -C ../name_display_sw_bsp/
[BSP build complete]
Info: Compiling name_display_sw.c to obj/default/name_display_sw.o
nios2-elf-gcc -xc -MP -MMD -c -I../name_display_sw_bsp//HAL/inc -I../name_display_sw_bsp/ -I../name_display_sw_bsp//drivers/inc  -pipe -D__hal__ -DALT_NO_C_PLUS_PLUS -DALT_NO_CLEAN_EXIT -D'exit(a)=_exit(a)' -DALT_NO_EXIT -DALT_USE_DIRECT_DRIVERS -DALT_NO_INSTRUCTION_EMULATION -DALT_USE_SMALL_DRIVERS -DSMALL_C_LIB -DALT_SINGLE_THREADED    -Os -g -Wall   -mno-hw-div -mno-hw-mul -mno-hw-mulx -mgpopt=global  -o obj/default/name_display_sw.o name_display_sw.c
Info: Linking name_display_sw.elf
nios2-elf-g++  -T'../name_display_sw_bsp//linker.x' -msys-crt0='../name_display_sw_bsp//obj/HAL/src/crt0.o' -msys-lib=hal_bsp -L../name_display_sw_bsp/  -msmallc  -Wl,-Map=name_display_sw.map   -Os -g -Wall   -mno-hw-div -mno-hw-mul -mno-hw-mulx -mgpopt=global  -o name_display_sw.elf obj/default/name_display_sw.o -lm -msys-lib=m
nios2-elf-insert name_display_sw.elf --thread_model hal --cpu_name nios2_gen2_0 --qsys true --simulation_enabled false --stderr_dev jtag_uart_0 --stdin_dev jtag_uart_0 --stdout_dev jtag_uart_0 --sopc_system_name nios_nameDisplay --quartus_project_dir "C:/Alteraprj/name_display" --jdi ../..//output_files/name_display.jdi --sopcinfo C:/Alteraprj/name_display/software/name_display_sw_bsp/../../nios_nameDisplay.sopcinfo
Info: (name_display_sw.elf) 1512 Bytes program size (code + initialized data).
Info:                       14 KBytes free for stack + heap.
Info: Creating name_display_sw.objdump
nios2-elf-objdump --disassemble --syms --all-header --source name_display_sw.elf >name_display_sw.objdump
[name_display_sw build complete]
12:01:49 **** Build of configuration Nios II for project name_display_sw ****
make all 
Info: Building ../name_display_sw_bsp/
C:/intelFPGA_lite/16.1/nios2eds/bin/gnu/H-x86_64-mingw32/bin/make --no-print-directory -C ../name_display_sw_bsp/
[BSP build complete]
[name_display_sw build complete]
12:02:02 **** Incremental Build of configuration Nios II for project name_display_sw ****
make all 
Info: Building ../name_display_sw_bsp/
C:/intelFPGA_lite/16.1/nios2eds/bin/gnu/H-x86_64-mingw32/bin/make --no-print-directory -C ../name_display_sw_bsp/
[BSP build complete]
[name_display_sw build complete]
